[05-Jul-2022 11:16:41 Europe/Berlin] PHP Warning:  error_log(/home/depruebas/datos/Dropbox/AdyMaNet/Articulos/2022/07/paginacion-php-sql/logs/error.log): failed to open stream: Permission denied in /home/depruebas/datos/Dropbox/AdyMaNet/Articulos/2022/07/paginacion-php-sql/lib/CustomErrorLog.php on line 71
[05-Jul-2022 11:16:41 Europe/Berlin] PHP Warning:  error_log(/home/depruebas/datos/Dropbox/AdyMaNet/Articulos/2022/07/paginacion-php-sql/logs/error.log): failed to open stream: Permission denied in /home/depruebas/datos/Dropbox/AdyMaNet/Articulos/2022/07/paginacion-php-sql/lib/CustomErrorLog.php on line 83
[05-Jul-2022 11:16:41 Europe/Berlin] PHP Warning:  error_log(/home/depruebas/datos/Dropbox/AdyMaNet/Articulos/2022/07/paginacion-php-sql/logs/error.log): failed to open stream: Permission denied in /home/depruebas/datos/Dropbox/AdyMaNet/Articulos/2022/07/paginacion-php-sql/lib/CustomErrorLog.php on line 71
[05-Jul-2022 11:16:41 Europe/Berlin] PHP Warning:  error_log(/home/depruebas/datos/Dropbox/AdyMaNet/Articulos/2022/07/paginacion-php-sql/logs/error.log): failed to open stream: Permission denied in /home/depruebas/datos/Dropbox/AdyMaNet/Articulos/2022/07/paginacion-php-sql/lib/CustomErrorLog.php on line 83
[05-Jul-2022 11:16:41 Europe/Berlin] PHP Warning:  error_log(/home/depruebas/datos/Dropbox/AdyMaNet/Articulos/2022/07/paginacion-php-sql/logs/error.log): failed to open stream: Permission denied in /home/depruebas/datos/Dropbox/AdyMaNet/Articulos/2022/07/paginacion-php-sql/lib/CustomErrorLog.php on line 71
[05-Jul-2022 11:16:41 Europe/Berlin] PHP Warning:  error_log(/home/depruebas/datos/Dropbox/AdyMaNet/Articulos/2022/07/paginacion-php-sql/logs/error.log): failed to open stream: Permission denied in /home/depruebas/datos/Dropbox/AdyMaNet/Articulos/2022/07/paginacion-php-sql/lib/CustomErrorLog.php on line 83
[05-Jul-2022 11:16:41 Europe/Berlin] PHP Warning:  error_log(/home/depruebas/datos/Dropbox/AdyMaNet/Articulos/2022/07/paginacion-php-sql/logs/error.log): failed to open stream: Permission denied in /home/depruebas/datos/Dropbox/AdyMaNet/Articulos/2022/07/paginacion-php-sql/lib/CustomErrorLog.php on line 71
[05-Jul-2022 11:16:41 Europe/Berlin] PHP Warning:  error_log(/home/depruebas/datos/Dropbox/AdyMaNet/Articulos/2022/07/paginacion-php-sql/logs/error.log): failed to open stream: Permission denied in /home/depruebas/datos/Dropbox/AdyMaNet/Articulos/2022/07/paginacion-php-sql/lib/CustomErrorLog.php on line 83
[05-Jul-2022 11:16:41 Europe/Berlin] PHP Warning:  error_log(/home/depruebas/datos/Dropbox/AdyMaNet/Articulos/2022/07/paginacion-php-sql/logs/error.log): failed to open stream: Permission denied in /home/depruebas/datos/Dropbox/AdyMaNet/Articulos/2022/07/paginacion-php-sql/lib/CustomErrorLog.php on line 71
[05-Jul-2022 11:16:41 Europe/Berlin] PHP Warning:  error_log(/home/depruebas/datos/Dropbox/AdyMaNet/Articulos/2022/07/paginacion-php-sql/logs/error.log): failed to open stream: Permission denied in /home/depruebas/datos/Dropbox/AdyMaNet/Articulos/2022/07/paginacion-php-sql/lib/CustomErrorLog.php on line 83
[05-Jul-2022 11:19:36 Europe/Berlin] PHP Fatal error:  Uncaught Error: Call to undefined function headers() in /home/depruebas/datos/Dropbox/AdyMaNet/Articulos/2022/07/paginacion-php-sql/modules/Pagination.php:5
Stack trace:
#0 /home/depruebas/datos/Dropbox/AdyMaNet/Articulos/2022/07/paginacion-php-sql/public/index.php(18): include()
#1 {main}
  thrown in /home/depruebas/datos/Dropbox/AdyMaNet/Articulos/2022/07/paginacion-php-sql/modules/Pagination.php on line 5
[05-Jul-2022 11:19:36 Europe/Berlin] PHP Warning:  error_log(/home/depruebas/datos/Dropbox/AdyMaNet/Articulos/2022/07/paginacion-php-sql/logs/error.log): failed to open stream: Permission denied in /home/depruebas/datos/Dropbox/AdyMaNet/Articulos/2022/07/paginacion-php-sql/lib/CustomErrorLog.php on line 71
[05-Jul-2022 11:19:36 Europe/Berlin] PHP Warning:  error_log(/home/depruebas/datos/Dropbox/AdyMaNet/Articulos/2022/07/paginacion-php-sql/logs/error.log): failed to open stream: Permission denied in /home/depruebas/datos/Dropbox/AdyMaNet/Articulos/2022/07/paginacion-php-sql/lib/CustomErrorLog.php on line 83
[05-Jul-2022 11:19:36 Europe/Berlin] PHP Warning:  error_log(/home/depruebas/datos/Dropbox/AdyMaNet/Articulos/2022/07/paginacion-php-sql/logs/error.log): failed to open stream: Permission denied in /home/depruebas/datos/Dropbox/AdyMaNet/Articulos/2022/07/paginacion-php-sql/lib/CustomErrorLog.php on line 71
[05-Jul-2022 11:19:36 Europe/Berlin] PHP Warning:  error_log(/home/depruebas/datos/Dropbox/AdyMaNet/Articulos/2022/07/paginacion-php-sql/logs/error.log): failed to open stream: Permission denied in /home/depruebas/datos/Dropbox/AdyMaNet/Articulos/2022/07/paginacion-php-sql/lib/CustomErrorLog.php on line 83
[05-Jul-2022 11:19:51 Europe/Berlin] PHP Fatal error:  Uncaught Error: Call to undefined function headers() in /home/depruebas/datos/Dropbox/AdyMaNet/Articulos/2022/07/paginacion-php-sql/modules/Pagination.php:5
Stack trace:
#0 /home/depruebas/datos/Dropbox/AdyMaNet/Articulos/2022/07/paginacion-php-sql/public/index.php(18): include()
#1 {main}
  thrown in /home/depruebas/datos/Dropbox/AdyMaNet/Articulos/2022/07/paginacion-php-sql/modules/Pagination.php on line 5
[05-Jul-2022 11:19:51 Europe/Berlin] PHP Warning:  error_log(/home/depruebas/datos/Dropbox/AdyMaNet/Articulos/2022/07/paginacion-php-sql/logs/error.log): failed to open stream: Permission denied in /home/depruebas/datos/Dropbox/AdyMaNet/Articulos/2022/07/paginacion-php-sql/lib/CustomErrorLog.php on line 71
[05-Jul-2022 11:19:51 Europe/Berlin] PHP Warning:  error_log(/home/depruebas/datos/Dropbox/AdyMaNet/Articulos/2022/07/paginacion-php-sql/logs/error.log): failed to open stream: Permission denied in /home/depruebas/datos/Dropbox/AdyMaNet/Articulos/2022/07/paginacion-php-sql/lib/CustomErrorLog.php on line 83
[05-Jul-2022 11:19:51 Europe/Berlin] PHP Warning:  error_log(/home/depruebas/datos/Dropbox/AdyMaNet/Articulos/2022/07/paginacion-php-sql/logs/error.log): failed to open stream: Permission denied in /home/depruebas/datos/Dropbox/AdyMaNet/Articulos/2022/07/paginacion-php-sql/lib/CustomErrorLog.php on line 71
[05-Jul-2022 11:19:51 Europe/Berlin] PHP Warning:  error_log(/home/depruebas/datos/Dropbox/AdyMaNet/Articulos/2022/07/paginacion-php-sql/logs/error.log): failed to open stream: Permission denied in /home/depruebas/datos/Dropbox/AdyMaNet/Articulos/2022/07/paginacion-php-sql/lib/CustomErrorLog.php on line 83
[05-Jul-2022 11:20:02 Europe/Berlin] PHP Fatal error:  Uncaught Error: Call to undefined function headers() in /home/depruebas/datos/Dropbox/AdyMaNet/Articulos/2022/07/paginacion-php-sql/modules/Pagination.php:5
Stack trace:
#0 /home/depruebas/datos/Dropbox/AdyMaNet/Articulos/2022/07/paginacion-php-sql/public/index.php(18): include()
#1 {main}
  thrown in /home/depruebas/datos/Dropbox/AdyMaNet/Articulos/2022/07/paginacion-php-sql/modules/Pagination.php on line 5
[05-Jul-2022 11:20:02 Europe/Berlin] PHP Warning:  error_log(/home/depruebas/datos/Dropbox/AdyMaNet/Articulos/2022/07/paginacion-php-sql/logs/error.log): failed to open stream: Permission denied in /home/depruebas/datos/Dropbox/AdyMaNet/Articulos/2022/07/paginacion-php-sql/lib/CustomErrorLog.php on line 71
[05-Jul-2022 11:20:02 Europe/Berlin] PHP Warning:  error_log(/home/depruebas/datos/Dropbox/AdyMaNet/Articulos/2022/07/paginacion-php-sql/logs/error.log): failed to open stream: Permission denied in /home/depruebas/datos/Dropbox/AdyMaNet/Articulos/2022/07/paginacion-php-sql/lib/CustomErrorLog.php on line 83
[05-Jul-2022 11:20:02 Europe/Berlin] PHP Warning:  error_log(/home/depruebas/datos/Dropbox/AdyMaNet/Articulos/2022/07/paginacion-php-sql/logs/error.log): failed to open stream: Permission denied in /home/depruebas/datos/Dropbox/AdyMaNet/Articulos/2022/07/paginacion-php-sql/lib/CustomErrorLog.php on line 71
[05-Jul-2022 11:20:02 Europe/Berlin] PHP Warning:  error_log(/home/depruebas/datos/Dropbox/AdyMaNet/Articulos/2022/07/paginacion-php-sql/logs/error.log): failed to open stream: Permission denied in /home/depruebas/datos/Dropbox/AdyMaNet/Articulos/2022/07/paginacion-php-sql/lib/CustomErrorLog.php on line 83
[05-Jul-2022 11:20:18 Europe/Berlin] PHP Warning:  error_log(/home/depruebas/datos/Dropbox/AdyMaNet/Articulos/2022/07/paginacion-php-sql/logs/error.log): failed to open stream: Permission denied in /home/depruebas/datos/Dropbox/AdyMaNet/Articulos/2022/07/paginacion-php-sql/lib/CustomErrorLog.php on line 71
[05-Jul-2022 11:20:18 Europe/Berlin] PHP Warning:  error_log(/home/depruebas/datos/Dropbox/AdyMaNet/Articulos/2022/07/paginacion-php-sql/logs/error.log): failed to open stream: Permission denied in /home/depruebas/datos/Dropbox/AdyMaNet/Articulos/2022/07/paginacion-php-sql/lib/CustomErrorLog.php on line 83
[05-Jul-2022 11:20:18 Europe/Berlin] PHP Warning:  error_log(/home/depruebas/datos/Dropbox/AdyMaNet/Articulos/2022/07/paginacion-php-sql/logs/error.log): failed to open stream: Permission denied in /home/depruebas/datos/Dropbox/AdyMaNet/Articulos/2022/07/paginacion-php-sql/lib/CustomErrorLog.php on line 71
[05-Jul-2022 11:20:18 Europe/Berlin] PHP Warning:  error_log(/home/depruebas/datos/Dropbox/AdyMaNet/Articulos/2022/07/paginacion-php-sql/logs/error.log): failed to open stream: Permission denied in /home/depruebas/datos/Dropbox/AdyMaNet/Articulos/2022/07/paginacion-php-sql/lib/CustomErrorLog.php on line 83
[05-Jul-2022 11:20:18 Europe/Berlin] PHP Warning:  error_log(/home/depruebas/datos/Dropbox/AdyMaNet/Articulos/2022/07/paginacion-php-sql/logs/error.log): failed to open stream: Permission denied in /home/depruebas/datos/Dropbox/AdyMaNet/Articulos/2022/07/paginacion-php-sql/lib/CustomErrorLog.php on line 71
[05-Jul-2022 11:20:18 Europe/Berlin] PHP Warning:  error_log(/home/depruebas/datos/Dropbox/AdyMaNet/Articulos/2022/07/paginacion-php-sql/logs/error.log): failed to open stream: Permission denied in /home/depruebas/datos/Dropbox/AdyMaNet/Articulos/2022/07/paginacion-php-sql/lib/CustomErrorLog.php on line 83
[05-Jul-2022 11:20:18 Europe/Berlin] PHP Warning:  error_log(/home/depruebas/datos/Dropbox/AdyMaNet/Articulos/2022/07/paginacion-php-sql/logs/error.log): failed to open stream: Permission denied in /home/depruebas/datos/Dropbox/AdyMaNet/Articulos/2022/07/paginacion-php-sql/lib/CustomErrorLog.php on line 71
[05-Jul-2022 11:20:18 Europe/Berlin] PHP Warning:  error_log(/home/depruebas/datos/Dropbox/AdyMaNet/Articulos/2022/07/paginacion-php-sql/logs/error.log): failed to open stream: Permission denied in /home/depruebas/datos/Dropbox/AdyMaNet/Articulos/2022/07/paginacion-php-sql/lib/CustomErrorLog.php on line 83
[05-Jul-2022 11:20:18 Europe/Berlin] PHP Warning:  error_log(/home/depruebas/datos/Dropbox/AdyMaNet/Articulos/2022/07/paginacion-php-sql/logs/error.log): failed to open stream: Permission denied in /home/depruebas/datos/Dropbox/AdyMaNet/Articulos/2022/07/paginacion-php-sql/lib/CustomErrorLog.php on line 71
[05-Jul-2022 11:20:18 Europe/Berlin] PHP Warning:  error_log(/home/depruebas/datos/Dropbox/AdyMaNet/Articulos/2022/07/paginacion-php-sql/logs/error.log): failed to open stream: Permission denied in /home/depruebas/datos/Dropbox/AdyMaNet/Articulos/2022/07/paginacion-php-sql/lib/CustomErrorLog.php on line 83
[05-Jul-2022 11:20:37 Europe/Berlin] PHP Warning:  error_log(/home/depruebas/datos/Dropbox/AdyMaNet/Articulos/2022/07/paginacion-php-sql/logs/error.log): failed to open stream: Permission denied in /home/depruebas/datos/Dropbox/AdyMaNet/Articulos/2022/07/paginacion-php-sql/lib/CustomErrorLog.php on line 71
[05-Jul-2022 11:20:37 Europe/Berlin] PHP Warning:  error_log(/home/depruebas/datos/Dropbox/AdyMaNet/Articulos/2022/07/paginacion-php-sql/logs/error.log): failed to open stream: Permission denied in /home/depruebas/datos/Dropbox/AdyMaNet/Articulos/2022/07/paginacion-php-sql/lib/CustomErrorLog.php on line 83
[05-Jul-2022 11:20:37 Europe/Berlin] PHP Warning:  error_log(/home/depruebas/datos/Dropbox/AdyMaNet/Articulos/2022/07/paginacion-php-sql/logs/error.log): failed to open stream: Permission denied in /home/depruebas/datos/Dropbox/AdyMaNet/Articulos/2022/07/paginacion-php-sql/lib/CustomErrorLog.php on line 71
[05-Jul-2022 11:20:37 Europe/Berlin] PHP Warning:  error_log(/home/depruebas/datos/Dropbox/AdyMaNet/Articulos/2022/07/paginacion-php-sql/logs/error.log): failed to open stream: Permission denied in /home/depruebas/datos/Dropbox/AdyMaNet/Articulos/2022/07/paginacion-php-sql/lib/CustomErrorLog.php on line 83
[05-Jul-2022 11:20:37 Europe/Berlin] PHP Warning:  error_log(/home/depruebas/datos/Dropbox/AdyMaNet/Articulos/2022/07/paginacion-php-sql/logs/error.log): failed to open stream: Permission denied in /home/depruebas/datos/Dropbox/AdyMaNet/Articulos/2022/07/paginacion-php-sql/lib/CustomErrorLog.php on line 71
[05-Jul-2022 11:20:37 Europe/Berlin] PHP Warning:  error_log(/home/depruebas/datos/Dropbox/AdyMaNet/Articulos/2022/07/paginacion-php-sql/logs/error.log): failed to open stream: Permission denied in /home/depruebas/datos/Dropbox/AdyMaNet/Articulos/2022/07/paginacion-php-sql/lib/CustomErrorLog.php on line 83
[05-Jul-2022 11:20:37 Europe/Berlin] PHP Warning:  error_log(/home/depruebas/datos/Dropbox/AdyMaNet/Articulos/2022/07/paginacion-php-sql/logs/error.log): failed to open stream: Permission denied in /home/depruebas/datos/Dropbox/AdyMaNet/Articulos/2022/07/paginacion-php-sql/lib/CustomErrorLog.php on line 71
[05-Jul-2022 11:20:37 Europe/Berlin] PHP Warning:  error_log(/home/depruebas/datos/Dropbox/AdyMaNet/Articulos/2022/07/paginacion-php-sql/logs/error.log): failed to open stream: Permission denied in /home/depruebas/datos/Dropbox/AdyMaNet/Articulos/2022/07/paginacion-php-sql/lib/CustomErrorLog.php on line 83
[05-Jul-2022 11:20:37 Europe/Berlin] PHP Warning:  error_log(/home/depruebas/datos/Dropbox/AdyMaNet/Articulos/2022/07/paginacion-php-sql/logs/error.log): failed to open stream: Permission denied in /home/depruebas/datos/Dropbox/AdyMaNet/Articulos/2022/07/paginacion-php-sql/lib/CustomErrorLog.php on line 71
[05-Jul-2022 11:20:37 Europe/Berlin] PHP Warning:  error_log(/home/depruebas/datos/Dropbox/AdyMaNet/Articulos/2022/07/paginacion-php-sql/logs/error.log): failed to open stream: Permission denied in /home/depruebas/datos/Dropbox/AdyMaNet/Articulos/2022/07/paginacion-php-sql/lib/CustomErrorLog.php on line 83
